<?xml version="1.0" encoding="UTF-8"?>
<!-- Generated by org.testng.reporters.JUnitReportReporter -->
<testsuite hostname="LAPTOP-5VRL3QNF" failures="0" tests="1" name="Actualtc.Practise" time="59.718" errors="0" timestamp="2024-05-02T12:05:30 IST" skipped="0">
  <testcase classname="Actualtc.Practise" name="tc" time="59.718"/>
  <system-out/>
</testsuite> <!-- Actualtc.Practise -->
